<?xml version="1.0" encoding="UTF-8"?>
<!-- Generated by org.testng.reporters.JUnitReportReporter -->
<testsuite skipped="0" hostname="Jimy" name="Debijonkorf.Test.AddToCartTest" tests="1" failures="0" timestamp="01 Feb 2020 22:24:14 GMT" time="185.970" errors="0">
  <testcase name="f" time="185.970" classname="Debijonkorf.Test.AddToCartTest"/>
</testsuite> <!-- Debijonkorf.Test.AddToCartTest -->
