<?xml version="1.0" encoding="UTF-8"?>
<!-- Generated by org.testng.reporters.JUnitReportReporter -->
<testsuite skipped="0" hostname="Jimy" name="Debijonkorf.Test.BaseTest" tests="1" failures="0" timestamp="01 Feb 2020 14:55:06 GMT" time="0.006" errors="0">
  <testcase name="tc1" time="0.006" classname="Debijonkorf.Test.BaseTest"/>
</testsuite> <!-- Debijonkorf.Test.BaseTest -->
